Build started 31/07/2024 9:23:39 SA.
     1>Project "D:\C\Chuong2_KTLT\Chuong2_KTLT\Chuong2_KTLT.vcxproj" on node 2 (Build target(s)).
     1>C:\Program Files (x86)\MSBuild\Microsoft.Cpp\v4.0\V120\Microsoft.CppBuild.targets(381,5): warning MSB8028: The intermediate directory (Debug\) contains files shared from another project (Chuong2_KTLT.vcxproj).  This can lead to incorrect clean and rebuild behavior.
     1>ClCompile:
         C:\Program Files (x86)\Microsoft Visual Studio 12.0\VC\bin\CL.exe /c /ZI /nologo /W3 /WX- /sdl /Od /Oy- /D WIN32 /D _DEBUG /D _CONSOLE /D _LIB /D _UNICODE /D UNICODE /Gm /EHsc /RTC1 /MDd /GS /fp:precise /Zc:wchar_t /Zc:forScope /Fo"Debug\\" /Fd"Debug\vc120.pdb" /Gd /TP /analyze- /errorReport:prompt Bai1.cpp Bai2.cpp Bai3.cpp Bai5.cpp
         Bai5.cpp
     1>d:\c\chuong2_ktlt\chuong2_ktlt\bai5.cpp(22): warning C4566: character represented by universal-character-name '\u1EAD' cannot be represented in the current code page (1252)
     1>d:\c\chuong2_ktlt\chuong2_ktlt\bai5.cpp(22): warning C4566: character represented by universal-character-name '\u1EED' cannot be represented in the current code page (1252)
     1>d:\c\chuong2_ktlt\chuong2_ktlt\bai5.cpp(22): warning C4566: character represented by universal-character-name '\u1ED1' cannot be represented in the current code page (1252)
     1>d:\c\chuong2_ktlt\chuong2_ktlt\bai5.cpp(25): warning C4566: character represented by universal-character-name '\u1EAD' cannot be represented in the current code page (1252)
     1>d:\c\chuong2_ktlt\chuong2_ktlt\bai5.cpp(25): warning C4566: character represented by universal-character-name '\u1EAB' cannot be represented in the current code page (1252)
     1>d:\c\chuong2_ktlt\chuong2_ktlt\bai5.cpp(25): warning C4566: character represented by universal-character-name '\u1ED1' cannot be represented in the current code page (1252)
     1>d:\c\chuong2_ktlt\chuong2_ktlt\bai5.cpp(28): warning C4566: character represented by universal-character-name '\u1EAB' cannot be represented in the current code page (1252)
     1>d:\c\chuong2_ktlt\chuong2_ktlt\bai5.cpp(28): warning C4566: character represented by universal-character-name '\u1ED1' cannot be represented in the current code page (1252)
     1>d:\c\chuong2_ktlt\chuong2_ktlt\bai5.cpp(28): warning C4566: character represented by universal-character-name '\u1EC3' cannot be represented in the current code page (1252)
     1>d:\c\chuong2_ktlt\chuong2_ktlt\bai5.cpp(28): warning C4566: character represented by universal-character-name '\u1EAD' cannot be represented in the current code page (1252)
     1>d:\c\chuong2_ktlt\chuong2_ktlt\bai5.cpp(28): warning C4566: character represented by universal-character-name '\u1EA1' cannot be represented in the current code page (1252)
     1>d:\c\chuong2_ktlt\chuong2_ktlt\bai5.cpp(85): warning C4566: character represented by universal-character-name '\u1EAD' cannot be represented in the current code page (1252)
     1>d:\c\chuong2_ktlt\chuong2_ktlt\bai5.cpp(85): warning C4566: character represented by universal-character-name '\u1ED1' cannot be represented in the current code page (1252)
     1>d:\c\chuong2_ktlt\chuong2_ktlt\bai5.cpp(85): warning C4566: character represented by universal-character-name '\u1EE9' cannot be represented in the current code page (1252)
     1>d:\c\chuong2_ktlt\chuong2_ktlt\bai5.cpp(85): warning C4566: character represented by universal-character-name '\u1EA5' cannot be represented in the current code page (1252)
     1>d:\c\chuong2_ktlt\chuong2_ktlt\bai5.cpp(87): warning C4566: character represented by universal-character-name '\u1EAD' cannot be represented in the current code page (1252)
     1>d:\c\chuong2_ktlt\chuong2_ktlt\bai5.cpp(87): warning C4566: character represented by universal-character-name '\u1ED1' cannot be represented in the current code page (1252)
     1>d:\c\chuong2_ktlt\chuong2_ktlt\bai5.cpp(87): warning C4566: character represented by universal-character-name '\u1EE9' cannot be represented in the current code page (1252)
     1>d:\c\chuong2_ktlt\chuong2_ktlt\bai5.cpp(97): warning C4566: character represented by universal-character-name '\u1ED1' cannot be represented in the current code page (1252)
     1>d:\c\chuong2_ktlt\chuong2_ktlt\bai5.cpp(97): warning C4566: character represented by universal-character-name '\u1EE9' cannot be represented in the current code page (1252)
     1>d:\c\chuong2_ktlt\chuong2_ktlt\bai5.cpp(97): warning C4566: character represented by universal-character-name '\u1EA5' cannot be represented in the current code page (1252)
     1>d:\c\chuong2_ktlt\chuong2_ktlt\bai5.cpp(101): warning C4566: character represented by universal-character-name '\u1ED1' cannot be represented in the current code page (1252)
     1>d:\c\chuong2_ktlt\chuong2_ktlt\bai5.cpp(101): warning C4566: character represented by universal-character-name '\u1EE9' cannot be represented in the current code page (1252)
     1>d:\c\chuong2_ktlt\chuong2_ktlt\bai5.cpp(105): warning C4566: character represented by universal-character-name '\u1ED5' cannot be represented in the current code page (1252)
     1>d:\c\chuong2_ktlt\chuong2_ktlt\bai5.cpp(109): warning C4566: character represented by universal-character-name '\u1EC7' cannot be represented in the current code page (1252)
     1>d:\c\chuong2_ktlt\chuong2_ktlt\bai5.cpp(117): warning C4566: character represented by universal-character-name '\u01B0' cannot be represented in the current code page (1252)
     1>d:\c\chuong2_ktlt\chuong2_ktlt\bai5.cpp(117): warning C4566: character represented by universal-character-name '\u01A1' cannot be represented in the current code page (1252)
         Generating Code...
         Skipping... (no relevant changes detected)
         Bai3.cpp
         Bai2.cpp
         Bai1.cpp
       Link:
         C:\Program Files (x86)\Microsoft Visual Studio 12.0\VC\bin\link.exe /ERRORREPORT:PROMPT /OUT:"D:\C\Chuong2_KTLT\Debug\Chuong2.exe" /INCREMENTAL /NOLOGO kernel32.lib user32.lib gdi32.lib winspool.lib comdlg32.lib advapi32.lib shell32.lib ole32.lib oleaut32.lib uuid.lib odbc32.lib odbccp32.lib /MANIFEST /MANIFESTUAC:"level='asInvoker' uiAccess='false'" /manifest:embed /DEBUG /PDB:"D:\C\Chuong2_KTLT\Debug\Chuong2.pdb" /SUBSYSTEM:CONSOLE /TLBID:1 /DYNAMICBASE /NXCOMPAT /IMPLIB:"D:\C\Chuong2_KTLT\Debug\Chuong2.lib" /MACHINE:X86 Debug\Bai1.obj
         Debug\Bai2.obj
         Debug\Bai3.obj
         Debug\Bai4.obj
         Debug\Bai5.obj
         Chuong2_KTLT.vcxproj -> D:\C\Chuong2_KTLT\Debug\Chuong2.exe
     1>Done Building Project "D:\C\Chuong2_KTLT\Chuong2_KTLT\Chuong2_KTLT.vcxproj" (Build target(s)).

Build succeeded.

Time Elapsed 00:00:00.72
