Build started 01/08/2024 5:52:08 CH.
     1>Project "D:\C\Chuong2_KTLT\Chuong2_KTLT\Chuong2_KTLT.vcxproj" on node 2 (Build target(s)).
     1>ClCompile:
         C:\Program Files (x86)\Microsoft Visual Studio 12.0\VC\bin\CL.exe /c /ZI /nologo /W3 /WX- /sdl /Od /Oy- /D WIN32 /D _DEBUG /D _CONSOLE /D _LIB /D _UNICODE /D UNICODE /Gm /EHsc /RTC1 /MDd /GS /fp:precise /Zc:wchar_t /Zc:forScope /Fo"Debug\\" /Fd"Debug\vc120.pdb" /Gd /TP /analyze- /errorReport:prompt Bai4.cpp Bai5.cpp
         Bai5.cpp
     1>d:\c\chuong2_ktlt\chuong2_ktlt\bai5.cpp(23): warning C4566: character represented by universal-character-name '\u1EAD' cannot be represented in the current code page (1252)
     1>d:\c\chuong2_ktlt\chuong2_ktlt\bai5.cpp(23): warning C4566: character represented by universal-character-name '\u1EED' cannot be represented in the current code page (1252)
     1>d:\c\chuong2_ktlt\chuong2_ktlt\bai5.cpp(23): warning C4566: character represented by universal-character-name '\u1ED1' cannot be represented in the current code page (1252)
     1>d:\c\chuong2_ktlt\chuong2_ktlt\bai5.cpp(26): warning C4566: character represented by universal-character-name '\u1EAD' cannot be represented in the current code page (1252)
     1>d:\c\chuong2_ktlt\chuong2_ktlt\bai5.cpp(26): warning C4566: character represented by universal-character-name '\u1EAB' cannot be represented in the current code page (1252)
     1>d:\c\chuong2_ktlt\chuong2_ktlt\bai5.cpp(26): warning C4566: character represented by universal-character-name '\u1ED1' cannot be represented in the current code page (1252)
     1>d:\c\chuong2_ktlt\chuong2_ktlt\bai5.cpp(29): warning C4566: character represented by universal-character-name '\u1EAB' cannot be represented in the current code page (1252)
     1>d:\c\chuong2_ktlt\chuong2_ktlt\bai5.cpp(29): warning C4566: character represented by universal-character-name '\u1ED1' cannot be represented in the current code page (1252)
     1>d:\c\chuong2_ktlt\chuong2_ktlt\bai5.cpp(29): warning C4566: character represented by universal-character-name '\u1EC3' cannot be represented in the current code page (1252)
     1>d:\c\chuong2_ktlt\chuong2_ktlt\bai5.cpp(29): warning C4566: character represented by universal-character-name '\u1EAD' cannot be represented in the current code page (1252)
     1>d:\c\chuong2_ktlt\chuong2_ktlt\bai5.cpp(29): warning C4566: character represented by universal-character-name '\u1EA1' cannot be represented in the current code page (1252)
     1>d:\c\chuong2_ktlt\chuong2_ktlt\bai5.cpp(86): warning C4566: character represented by universal-character-name '\u1EAD' cannot be represented in the current code page (1252)
     1>d:\c\chuong2_ktlt\chuong2_ktlt\bai5.cpp(86): warning C4566: character represented by universal-character-name '\u1ED1' cannot be represented in the current code page (1252)
     1>d:\c\chuong2_ktlt\chuong2_ktlt\bai5.cpp(86): warning C4566: character represented by universal-character-name '\u1EE9' cannot be represented in the current code page (1252)
     1>d:\c\chuong2_ktlt\chuong2_ktlt\bai5.cpp(86): warning C4566: character represented by universal-character-name '\u1EA5' cannot be represented in the current code page (1252)
     1>d:\c\chuong2_ktlt\chuong2_ktlt\bai5.cpp(88): warning C4566: character represented by universal-character-name '\u1EAD' cannot be represented in the current code page (1252)
     1>d:\c\chuong2_ktlt\chuong2_ktlt\bai5.cpp(88): warning C4566: character represented by universal-character-name '\u1ED1' cannot be represented in the current code page (1252)
     1>d:\c\chuong2_ktlt\chuong2_ktlt\bai5.cpp(88): warning C4566: character represented by universal-character-name '\u1EE9' cannot be represented in the current code page (1252)
     1>d:\c\chuong2_ktlt\chuong2_ktlt\bai5.cpp(98): warning C4566: character represented by universal-character-name '\u1ED1' cannot be represented in the current code page (1252)
     1>d:\c\chuong2_ktlt\chuong2_ktlt\bai5.cpp(98): warning C4566: character represented by universal-character-name '\u1EE9' cannot be represented in the current code page (1252)
     1>d:\c\chuong2_ktlt\chuong2_ktlt\bai5.cpp(98): warning C4566: character represented by universal-character-name '\u1EA5' cannot be represented in the current code page (1252)
     1>d:\c\chuong2_ktlt\chuong2_ktlt\bai5.cpp(102): warning C4566: character represented by universal-character-name '\u1ED1' cannot be represented in the current code page (1252)
     1>d:\c\chuong2_ktlt\chuong2_ktlt\bai5.cpp(102): warning C4566: character represented by universal-character-name '\u1EE9' cannot be represented in the current code page (1252)
     1>d:\c\chuong2_ktlt\chuong2_ktlt\bai5.cpp(106): warning C4566: character represented by universal-character-name '\u1ED5' cannot be represented in the current code page (1252)
     1>d:\c\chuong2_ktlt\chuong2_ktlt\bai5.cpp(110): warning C4566: character represented by universal-character-name '\u1EC7' cannot be represented in the current code page (1252)
     1>d:\c\chuong2_ktlt\chuong2_ktlt\bai5.cpp(118): warning C4566: character represented by universal-character-name '\u01B0' cannot be represented in the current code page (1252)
     1>d:\c\chuong2_ktlt\chuong2_ktlt\bai5.cpp(118): warning C4566: character represented by universal-character-name '\u01A1' cannot be represented in the current code page (1252)
         Bai4.cpp
         Generating Code...
       Link:
         C:\Program Files (x86)\Microsoft Visual Studio 12.0\VC\bin\link.exe /ERRORREPORT:PROMPT /OUT:"D:\C\Chuong2_KTLT\Debug\Chuong2_KTLT.exe" /INCREMENTAL /NOLOGO kernel32.lib user32.lib gdi32.lib winspool.lib comdlg32.lib advapi32.lib shell32.lib ole32.lib oleaut32.lib uuid.lib odbc32.lib odbccp32.lib /MANIFEST /MANIFESTUAC:"level='asInvoker' uiAccess='false'" /manifest:embed /DEBUG /PDB:"D:\C\Chuong2_KTLT\Debug\Chuong2_KTLT.pdb" /SUBSYSTEM:CONSOLE /TLBID:1 /DYNAMICBASE /NXCOMPAT /IMPLIB:"D:\C\Chuong2_KTLT\Debug\Chuong2_KTLT.lib" /MACHINE:X86 Debug\Bai1.obj
         Debug\Bai2.obj
         Debug\Bai3.obj
         Debug\Bai4.obj
         Debug\Bai5.obj
         Chuong2_KTLT.vcxproj -> D:\C\Chuong2_KTLT\Debug\Chuong2_KTLT.exe
     1>Done Building Project "D:\C\Chuong2_KTLT\Chuong2_KTLT\Chuong2_KTLT.vcxproj" (Build target(s)).

Build succeeded.

Time Elapsed 00:00:00.99
